
> pid-frontend@0.1.0 build
> next build

  ??Next.js 14.2.35
  - Environments: .env.local

   Creating an optimized production build ...
 ??Compiled successfully
   Linting and checking validity of types ...

./src/components/TemperatureGraph.tsx
117:8  Warning: React Hook useMemo has an unnecessary dependency: 'yDomain'. Either exclude it or remove the dependency array.  react-hooks/exhaustive-deps

info  - Need to disable some ESLint rules? Learn more here: https://nextjs.org/docs/basic-features/eslint#disabling-rules
   Collecting page data ...
   Generating static pages (0/5) ...
   Generating static pages (1/5) 
   Generating static pages (2/5) 
   Generating static pages (3/5) 
 ??Generating static pages (5/5)
   Finalizing page optimization ...
   Collecting build traces ...

Route (app)                              Size     First Load JS
????/_not-found                          139 B          87.7 kB
????/403                                 1.32 kB        88.9 kB
??? /dashboard/[token]                   5.94 kB         211 kB
??? /mobile/iv-upload/[token]            1.76 kB        95.1 kB
????/station                             14.5 kB         219 kB
+ First Load JS shared by all            87.5 kB
  ??chunks/117-e7cee2ba69d0afd9.js       31.9 kB
  ??chunks/fd9d1056-d4a245fa0a02af2b.js  53.6 kB
  ??other shared chunks (total)          2 kB


?? (Static)   prerendered as static content
?  (Dynamic)  server-rendered on demand

